  Fish.cpp
d:\users\syntaximus\onedrive\studia\semestr 9\cuda\ania\shoal\shoal3\fish.cpp(15): warning C4244: '=': conversion from 'double' to 'float', possible loss of data
d:\users\syntaximus\onedrive\studia\semestr 9\cuda\ania\shoal\shoal3\fish.cpp(16): warning C4244: '=': conversion from 'double' to 'float', possible loss of data
d:\users\syntaximus\onedrive\studia\semestr 9\cuda\ania\shoal\shoal3\fish.cpp(29): warning C4244: '+=': conversion from 'double' to 'float', possible loss of data
d:\users\syntaximus\onedrive\studia\semestr 9\cuda\ania\shoal\shoal3\fish.cpp(30): warning C4244: '+=': conversion from 'double' to 'float', possible loss of data
d:\users\syntaximus\onedrive\studia\semestr 9\cuda\ania\shoal\shoal3\fish.cpp(35): warning C4244: '+=': conversion from 'double' to 'float', possible loss of data
d:\users\syntaximus\onedrive\studia\semestr 9\cuda\ania\shoal\shoal3\fish.cpp(36): warning C4244: '+=': conversion from 'double' to 'float', possible loss of data
d:\users\syntaximus\onedrive\studia\semestr 9\cuda\ania\shoal\shoal3\fish.cpp(42): warning C4244: '+=': conversion from 'double' to 'float', possible loss of data
d:\users\syntaximus\onedrive\studia\semestr 9\cuda\ania\shoal\shoal3\fish.cpp(43): warning C4244: '+=': conversion from 'double' to 'float', possible loss of data
d:\users\syntaximus\onedrive\studia\semestr 9\cuda\ania\shoal\shoal3\fish.cpp(48): warning C4244: '+=': conversion from 'double' to 'float', possible loss of data
d:\users\syntaximus\onedrive\studia\semestr 9\cuda\ania\shoal\shoal3\fish.cpp(49): warning C4244: '+=': conversion from 'double' to 'float', possible loss of data
d:\users\syntaximus\onedrive\studia\semestr 9\cuda\ania\shoal\shoal3\fish.cpp(51): warning C4244: '+=': conversion from 'double' to 'float', possible loss of data
d:\users\syntaximus\onedrive\studia\semestr 9\cuda\ania\shoal\shoal3\fish.cpp(52): warning C4244: '+=': conversion from 'double' to 'float', possible loss of data
d:\users\syntaximus\onedrive\studia\semestr 9\cuda\ania\shoal\shoal3\fish.cpp(62): warning C4305: 'initializing': truncation from 'double' to 'float'
d:\users\syntaximus\onedrive\studia\semestr 9\cuda\ania\shoal\shoal3\fish.cpp(63): warning C4305: 'initializing': truncation from 'double' to 'float'
d:\users\syntaximus\onedrive\studia\semestr 9\cuda\ania\shoal\shoal3\fish.cpp(88): warning C4018: '<': signed/unsigned mismatch
d:\users\syntaximus\onedrive\studia\semestr 9\cuda\ania\shoal\shoal3\fish.cpp(96): warning C4018: '<': signed/unsigned mismatch
d:\users\syntaximus\onedrive\studia\semestr 9\cuda\ania\shoal\shoal3\fish.cpp(104): warning C4244: '+=': conversion from 'double' to 'float', possible loss of data
d:\users\syntaximus\onedrive\studia\semestr 9\cuda\ania\shoal\shoal3\fish.cpp(105): warning C4244: '+=': conversion from 'double' to 'float', possible loss of data
d:\users\syntaximus\onedrive\studia\semestr 9\cuda\ania\shoal\shoal3\fish.cpp(106): warning C4244: '+=': conversion from 'double' to 'float', possible loss of data
d:\users\syntaximus\onedrive\studia\semestr 9\cuda\ania\shoal\shoal3\fish.cpp(107): warning C4244: '+=': conversion from 'double' to 'float', possible loss of data
  Helpers.cpp
d:\users\syntaximus\onedrive\studia\semestr 9\cuda\ania\shoal\shoal3\helpers.cpp(6): warning C4244: 'return': conversion from 'double' to 'float', possible loss of data
  main.cpp
d:\users\syntaximus\onedrive\studia\semestr 9\cuda\ania\shoal\shoal3\main.cpp(3): fatal error C1083: Cannot open include file: 'GL\glew.h': No such file or directory
  Generating Code...
